TN:
SF:src/easy/1.TwoSum.ts
FN:5,twoSum
FNF:1
FNH:1
FNDA:4,twoSum
DA:1,1
DA:2,1
DA:3,1
DA:4,1
DA:5,1
DA:6,4
DA:7,4
DA:8,6
DA:9,18
DA:10,6
DA:11,6
DA:12,12
DA:13,12
DA:14,12
DA:15,18
DA:16,4
DA:17,4
DA:18,4
DA:19,18
DA:20,2
DA:21,4
DA:22,4
LF:22
LH:22
BRDA:5,0,0,4
BRDA:7,1,0,6
BRDA:8,2,0,18
BRDA:9,3,0,6
BRDA:12,4,0,12
BRDA:15,5,0,4
BRDA:20,6,0,2
BRF:7
BRH:7
end_of_record
TN:
SF:src/easy/1929.ConcatenationOfArray.ts
FN:36,getConcatenation
FN:40,getConcatenation2
FNF:2
FNH:2
FNDA:2,getConcatenation
FNDA:2,getConcatenation2
DA:1,1
DA:2,1
DA:3,1
DA:4,1
DA:5,1
DA:6,1
DA:7,1
DA:8,1
DA:9,1
DA:10,1
DA:11,1
DA:12,1
DA:13,1
DA:14,1
DA:15,1
DA:16,1
DA:17,1
DA:18,1
DA:19,1
DA:20,1
DA:21,1
DA:22,1
DA:23,1
DA:24,1
DA:25,1
DA:26,1
DA:27,1
DA:28,1
DA:29,1
DA:30,1
DA:31,1
DA:32,1
DA:33,1
DA:34,1
DA:35,1
DA:36,1
DA:37,2
DA:38,2
DA:39,1
DA:40,1
DA:41,2
DA:42,2
LF:42
LH:42
BRDA:36,0,0,2
BRDA:40,1,0,2
BRF:2
BRH:2
end_of_record
TN:
SF:src/easy/20.ValidParentheses.ts
FN:35,isValid
FNF:1
FNH:1
FNDA:4,isValid
DA:1,1
DA:2,1
DA:3,1
DA:4,1
DA:5,1
DA:6,1
DA:7,1
DA:8,1
DA:9,1
DA:10,1
DA:11,1
DA:12,1
DA:13,1
DA:14,1
DA:15,1
DA:16,1
DA:17,1
DA:18,1
DA:19,1
DA:20,1
DA:21,1
DA:22,1
DA:23,1
DA:24,1
DA:25,1
DA:26,1
DA:27,1
DA:28,1
DA:29,1
DA:30,1
DA:31,1
DA:32,1
DA:33,1
DA:34,1
DA:35,4
DA:36,4
DA:37,4
DA:38,4
DA:39,4
DA:40,4
DA:41,4
DA:42,4
DA:43,4
DA:44,14
DA:45,14
DA:46,14
DA:47,7
DA:48,7
DA:49,7
DA:50,1
DA:51,1
DA:52,14
DA:53,3
DA:54,3
DA:55,3
LF:55
LH:55
BRDA:35,0,0,4
BRDA:43,1,0,14
BRDA:46,2,0,7
BRDA:49,3,0,1
BRDA:53,4,0,3
BRF:5
BRH:5
end_of_record
TN:
SF:src/easy/9.PalindromeNumber.ts
FN:36,isPalindrome
FN:41,isPalindromeWithoutConvert
FNF:2
FNH:2
FNDA:3,isPalindrome
FNDA:3,isPalindromeWithoutConvert
DA:1,1
DA:2,1
DA:3,1
DA:4,1
DA:5,1
DA:6,1
DA:7,1
DA:8,1
DA:9,1
DA:10,1
DA:11,1
DA:12,1
DA:13,1
DA:14,1
DA:15,1
DA:16,1
DA:17,1
DA:18,1
DA:19,1
DA:20,1
DA:21,1
DA:22,1
DA:23,1
DA:24,1
DA:25,1
DA:26,1
DA:27,1
DA:28,1
DA:29,1
DA:30,1
DA:31,1
DA:32,1
DA:33,1
DA:34,1
DA:35,1
DA:36,3
DA:37,3
DA:38,3
DA:39,1
DA:40,1
DA:41,1
DA:42,3
DA:43,3
DA:44,3
DA:45,3
DA:46,5
DA:47,5
DA:48,5
DA:49,5
DA:50,3
DA:51,3
DA:52,3
LF:52
LH:52
BRDA:36,0,0,3
BRDA:41,1,0,3
BRDA:45,2,0,5
BRF:3
BRH:3
end_of_record
TN:
SF:src/tests-for-work/breaking-text-into-fragments.ts
FN:39,breakingTextIntoFragments
FNF:1
FNH:1
FNDA:2,breakingTextIntoFragments
DA:1,1
DA:2,1
DA:3,1
DA:4,1
DA:5,1
DA:6,1
DA:7,1
DA:8,1
DA:9,1
DA:10,1
DA:11,1
DA:12,1
DA:13,1
DA:14,1
DA:15,1
DA:16,1
DA:17,1
DA:18,1
DA:19,1
DA:20,1
DA:21,1
DA:22,1
DA:23,1
DA:24,1
DA:25,1
DA:26,1
DA:27,1
DA:28,1
DA:29,1
DA:30,1
DA:31,1
DA:32,1
DA:33,1
DA:34,1
DA:35,1
DA:36,1
DA:37,1
DA:38,1
DA:39,1
DA:40,2
DA:41,2
DA:42,2
DA:43,2
DA:44,2
DA:45,1
DA:46,1
DA:47,1
DA:48,1
DA:49,1
DA:50,1
DA:51,1
DA:52,2
DA:53,29
DA:54,29
DA:55,28
DA:56,28
DA:57,29
DA:58,2
DA:59,2
DA:60,2
DA:61,27
DA:62,27
DA:63,27
DA:64,27
DA:65,29
DA:66,1
DA:67,1
DA:68,2
DA:69,1
DA:70,1
LF:70
LH:70
BRDA:39,0,0,2
BRDA:44,1,0,1
BRDA:52,2,0,29
BRDA:54,3,0,28
BRDA:57,4,0,2
BRDA:61,5,0,27
BRDA:66,6,0,1
BRDA:67,7,0,2
BRF:8
BRH:8
end_of_record
