TN:
SF:src\leetcode\easy\26 Remove Duplicates from Sorted Array\26.RemoveDuplicatesfromSortedArray.ts
FN:5,removeDuplicates2
FN:30,removeDuplicates
FNF:2
FNH:1
FNDA:0,removeDuplicates2
FNDA:6,removeDuplicates
DA:1,1
DA:2,1
DA:3,1
DA:4,1
DA:5,0
DA:6,0
DA:7,0
DA:8,0
DA:9,0
DA:10,0
DA:11,0
DA:12,0
DA:13,0
DA:14,0
DA:15,0
DA:16,0
DA:17,0
DA:18,0
DA:19,0
DA:20,0
DA:21,0
DA:22,0
DA:23,0
DA:24,0
DA:25,1
DA:26,1
DA:27,1
DA:28,1
DA:29,1
DA:30,6
DA:31,6
DA:32,2
DA:33,2
DA:34,4
DA:35,4
DA:36,6
DA:37,22
DA:38,10
DA:39,10
DA:40,10
DA:41,22
DA:42,4
DA:43,4
DA:44,4
DA:45,4
DA:46,4
DA:47,1
DA:48,1
DA:49,1
DA:50,1
LF:50
LH:30
BRDA:30,0,0,6
BRDA:31,1,0,2
BRDA:34,2,0,4
BRDA:36,3,0,22
BRDA:37,4,0,10
BRDA:42,5,0,4
BRF:6
BRH:6
end_of_record
